<?xml version="1.0" encoding="UTF-8"?>
<testsuite name="org.example.SampleTest" tests="1" skipped="0" failures="0" errors="0" timestamp="2022-06-20T07:05:43" hostname="DESKTOP-IMVC8LH" time="0.039">
  <properties/>
  <testcase name="solutionTest()" classname="org.example.SampleTest" time="0.039"/>
  <system-out><![CDATA[]]></system-out>
  <system-err><![CDATA[]]></system-err>
</testsuite>
